<?xml version="1.0" encoding="UTF-8"?>
<!-- Generated by org.testng.reporters.JUnitReportReporter -->
<testsuite hostname="DESKTOP-H7KDBKC" failures="0" tests="2" name="APITests" time="1.482" errors="0" timestamp="2025-07-11T22:25:37 IST" skipped="0">
  <testcase classname="APITests" name="test2" time="0.176"/>
  <testcase classname="APITests" name="test1" time="1.306"/>
</testsuite> <!-- APITests -->
